make all --print-data-base --no-builtin-variables --no-builtin-rules --question
SRCS = ./src/Channel.cpp ./src/CommandHandler.cpp ./src/Logger.cpp ./src/Parser.cpp ./src/Server.cpp ./src/User.cpp ./src/main.cpp ./src/signal.cpp
OBJS = ./obj/Channel.o ./obj/CommandHandler.o ./obj/Logger.o ./obj/Parser.o ./obj/Server.o ./obj/User.o ./obj/main.o ./obj/signal.o
 
# GNU Make 4.3
# Built for x86_64-pc-linux-gnu
# Copyright (C) 1988-2020 Free Software Foundation, Inc.
# License GPLv3+: GNU GPL version 3 or later <http://gnu.org/licenses/gpl.html>
# This is free software: you are free to change and redistribute it.
# There is NO WARRANTY, to the extent permitted by law.

# Make data base, printed on Mon Jun 23 16:51:10 2025

# Variables

# environment
GDK_BACKEND = x11
# environment
LC_ALL = C
# environment
NO_AT_BRIDGE = 1
# environment
SSH_AGENT_LAUNCHER = gnome-keyring
# makefile (from 'Makefile', line 16)
SRC_DIR = ./src
# environment
VSCODE_CRASH_REPORTER_PROCESS_TYPE = extensionHost
# environment
VSCODE_CWD = /home/samoore/irc
# environment
LIBVIRT_DEFAULT_URI = qemu:///system
# environment
GDM_LANG = en
# default
MAKE_COMMAND := make
# environment
QT_ACCESSIBILITY = 1
# automatic
@D = $(patsubst %/,%,$(dir $@))
# makefile (from 'Makefile', line 19)
OBJ_DIR = ./obj
# environment
VSCODE_HANDLES_UNCAUGHT_ERRORS = true
# default
.VARIABLES := 
# environment
PWD = /home/samoore/irc
# automatic
%D = $(patsubst %/,%,$(dir $%))
# environment
MAIL = samoore@student.42london.com
# environment
XDG_DATA_DIRS = /usr/share/ubuntu:/usr/share/gnome:/usr/local/share:/usr/share:/var/lib/snapd/desktop
# environment
OLDPWD = /home/samoore
# automatic
^D = $(patsubst %/,%,$(dir $^))
# automatic
%F = $(notdir $%)
# environment
VSCODE_CODE_CACHE_PATH = /home/samoore/.config/Code/CachedData/65edc4939843c90c34d61f4ce11704f09d3e5cb6
# environment
XDG_SESSION_PATH = /org/freedesktop/DisplayManager/Session51
# environment
LANG = C
# environment
XAUTHORITY = /home/samoore/.Xauthority
# default
.LOADED := 
# default
.INCLUDE_DIRS = /usr/local/include /usr/include /usr/include
# makefile (from 'Makefile', line 6)
CYAN = \033[0;36m
# environment
GNOME_TERMINAL_SERVICE = :1.77
# makefile
MAKEFLAGS = pqrR
# makefile (from 'Makefile', line 4)
BLUE = \033[0;34m
# makefile
CURDIR := /home/samoore/irc
# makefile (from 'Makefile', line 13)
INC_DIR = ./inc
# makefile (from 'Makefile', line 7)
NORMAL = \033[0m
# environment
APPLICATION_INSIGHTS_NO_DIAGNOSTIC_CHANNEL = true
# makefile (from 'Makefile', line 17)
SRCS = $(wildcard $(SRC_DIR)/*.cpp)
# environment
VSCODE_L10N_BUNDLE_LOCATION = 
# automatic
*D = $(patsubst %/,%,$(dir $*))
# environment
MFLAGS = -pqrR
# environment
SSH_AUTH_SOCK = /run/user/101194/keyring/ssh
# default
.SHELLFLAGS := -c
# environment
XDG_CONFIG_DIRS = /etc/xdg/xdg-ubuntu:/etc/xdg
# automatic
+D = $(patsubst %/,%,$(dir $+))
# environment
XDG_SESSION_DESKTOP = ubuntu
# makefile (from 'Makefile', line 1)
MAKEFILE_LIST := Makefile
# automatic
@F = $(notdir $@)
# environment
VSCODE_PID = 2066553
# environment
KRB5CCNAME = FILE:/tmp/krb5cc_101194_ILKclP
# environment
XDG_SESSION_TYPE = x11
# automatic
?D = $(patsubst %/,%,$(dir $?))
# makefile (from 'Makefile', line 11)
FLAGS = -Wall -Wextra -Werror -std=c++98 -Wshadow -D_GLIBCXX_USE_CXX11_ABI=0 -g3
# environment
SESSION_MANAGER = local/c1r4s1.42london.com:@/tmp/.ICE-unix/2065962,unix/c1r4s1.42london.com:/tmp/.ICE-unix/2065962
# automatic
*F = $(notdir $*)
# environment
CHROME_DESKTOP = code.desktop
# environment
DBUS_SESSION_BUS_ADDRESS = unix:path=/run/user/101194/bus
# automatic
<D = $(patsubst %/,%,$(dir $<))
# environment
VSCODE_NLS_CONFIG = {"userLocale":"en-us","osLocale":"en","resolvedLanguage":"en","defaultMessagesFile":"/usr/share/code/resources/app/out/nls.messages.json","locale":"en-us","availableLanguages":{}}
# default
MAKE_HOST := x86_64-pc-linux-gnu
# makefile (from 'Makefile', line 20)
OBJS = $(SRCS:$(SRC_DIR)/%.cpp=$(OBJ_DIR)/%.o)
# environment
GNOME_DESKTOP_SESSION_ID = this-is-deprecated
# makefile
SHELL = /bin/sh
# default
MAKECMDGOALS := all
# environment
XMODIFIERS = @im=ibus
# makefile (from 'Makefile', line 14)
HEADERS = $(wildcard $(INC_DIR)/*.hpp)
# environment
SHLVL = 1
# environment
GNOME_TERMINAL_SCREEN = /org/gnome/Terminal/screen/26e5be95_062d_453b_a592_43483106c4e1
# environment
MAKELEVEL := 0
# default
MAKE = $(MAKE_COMMAND)
# environment
PATH = /home/samoore/.local/bin:/home/samoore/bin:/home/samoore/.local/bin:/usr/local/sbin:/usr/local/bin:/usr/sbin:/usr/bin:/sbin:/bin:/usr/games:/usr/local/games:/snap/bin
# default
MAKEFILES := 
# environment
LANGUAGE = en
# automatic
^F = $(notdir $^)
# makefile (from 'Makefile', line 5)
PURPLE = \033[0;35m
# makefile (from 'Makefile', line 3)
YELLOW = \033[0;33m
# makefile (from 'Makefile', line 10)
CPP = c++
# makefile (from 'Makefile', line 2)
GREEN = \033[0;32m
# environment
DOCKER_HOST = unix:///run/user/101194/docker.sock
# automatic
?F = $(notdir $?)
# makefile (from 'Makefile', line 9)
NAME = ircserv
# environment
GTK_IM_MODULE = ibus
# environment
XDG_CURRENT_DESKTOP = Unity
# automatic
+F = $(notdir $+)
# environment
 
XDG_SEAT_PATH = /org/freedesktop/DisplayManager/Seat0
# environment
DESKTOP_SESSION = ubuntu
# environment
ORIGINAL_XDG_CURRENT_DESKTOP = ubuntu:GNOME
# 'override' directive
GNUMAKEFLAGS := 
# environment
LOGNAME = samoore
# makefile
.DEFAULT_GOAL := all
# environment
SYSTEMD_EXEC_PID = 2065982
# makefile (from 'Makefile', line 1)
RED = \033[0;31m
# environment
DISPLAY = :0
# environment
USER = samoore
# environment
GTK_MODULES = gail:atk-bridge
# default
MAKE_VERSION := 4.3
# environment
_ = /usr/bin/code
# environment
XDG_RUNTIME_DIR = /run/user/101194
# environment
GPG_AGENT_INFO = /run/user/101194/gnupg/S.gpg-agent:0:1
# environment
COLORTERM = truecolor
# environment
XDG_SESSION_CLASS = user
# environment
HOME = /home/samoore
# environment
QT_IM_MODULE = ibus
# environment
ELECTRON_RUN_AS_NODE = 1
# environment
VSCODE_IPC_HOOK = /run/user/101194/vscode-b09c1acb-1.95-main.sock
# environment
TERM = xterm-256color
# environment
FT_HOOK_PATHNAME = login-user.d
# default
.RECIPEPREFIX := 
# automatic
<F = $(notdir $<)
# default
SUFFIXES := 
# environment
VSCODE_CLI = 1
# environment
FT_HOOK_NAME = login-user
# environment
ELECTRON_NO_ATTACH_CONSOLE = 1
# environment
VTE_VERSION = 6800
# environment
XDG_GREETER_DATA_DIR = /var/lib/lightdm-data/samoore
# default
.FEATURES := target-specific order-only second-expansion else-if shortest-stem undefine oneshell nocomment grouped-target extra-prereqs archives jobserver output-sync check-symlink load
# environment
XDG_MENU_PREFIX = gnome-
# environment
VSCODE_ESM_ENTRYPOINT = vs/workbench/api/node/extensionHostProcess
# environment
GDMSESSION = ubuntu
# variable set hash-table stats:
# Load=118/1024=12%, Rehash=0, Collisions=18/177=10%

# Pattern-specific Variable Values

# No pattern-specific variable values.

# Directories

# src (device 2048, inode 8419752): 10 files, no impossibilities.
# . (device 2048, inode 12640830): 9 files, no impossibilities.
# ./inc (device 2048, inode 4769889): 12 files, no impossibilities.
# ./src (device 2048, inode 8419752): 10 files, no impossibilities.

# 41 files, no impossibilities in 4 directories.

# Implicit Rules

obj/%.o: src/%.cpp inc/Channel.hpp inc/CommandHandler.hpp inc/IServerAPI.hpp inc/Logger.hpp inc/Parser.hpp inc/Server.hpp inc/User.hpp inc/data.hpp inc/macros.hpp inc/signal.hpp
 
#  recipe to execute (from 'Makefile', line 33):
	@echo "${YELLOW}Compiling $< into $@...${NORMAL}"
	@mkdir -p $(@D)
	@$(CPP) $(FLAGS) -I$(INC_DIR) -c $< -o $@
	@echo "${GREEN}    $@ successfully compiled.${NORMAL}"

# 1 implicit rules, 0 (0.0%) terminal.
# Files

# Not a target:
obj/main.o:
#  Implicit rule search has not been done.
#  Modification time never checked.
#  File has not been updated.

# Not a target:
Makefile:
#  Implicit rule search has been done.
#  Last modified 2025-06-23 16:50:56.948741933
#  File has been updated.
#  Successfully updated.

# Not a target:
obj/Parser.o:
#  Implicit rule search has not been done.
#  Modification time never checked.
#  File has not been updated.

clean:
#  Phony target (prerequisite of .PHONY).
#  Implicit rule search has not been done.
#  File does not exist.
#  File has not been updated.
#  recipe to execute (from 'Makefile', line 44):
	@echo "${PURPLE}Deleting $(OBJ_DIR) and .o files...${NORMAL}"
	@rm -rf $(OBJ_DIR)
	@echo "${GREEN}    $(OBJ_DIR) and .o files successfully deleted.${NORMAL}"

valgrind:
#  Implicit rule search has not been done.
#  Modification time never checked.
#  File has not been updated.
#  recipe to execute (from 'Makefile', line 66):
	valgrind --leak-check=full --show-leak-kinds=all ./$(NAME)

re: fclean all
#  Phony target (prerequisite of .PHONY).
#  Implicit rule search has not been done.
#  File does not exist.
#  File has not been updated.
#  recipe to execute (from 'Makefile', line 54):
	@echo "${BLUE}Relinking $(NAME)...${NORMAL}"
	@echo "${GREEN}    $(NAME) successfully relinked.${NORMAL}"

obj:
#  Implicit rule search has not been done.
#  Implicit/static pattern stem: ''
#  File does not exist.
#  File has been updated.
#  Needs to be updated (-q is set).
# automatic
# @ := obj
# automatic
# * := 
# automatic
# < := 
# automatic
# + := 
# automatic
# % := 
# automatic
# ^ := 
# automatic
# ? := 
# automatic
# | := 
# variable set hash-table stats:
# Load=8/32=25%, Rehash=0, Collisions=1/17=6%
#  recipe to execute (from 'Makefile', line 28):
	@echo "${CYAN}Making the directory for object files...${NORMAL}"
	@mkdir -p $(OBJ_DIR)
	@echo "${GREEN}    $(OBJ_DIR) was successfully created.${NORMAL}"

# Not a target:
.DEFAULT:
#  Implicit rule search has not been done.
#  Modification time never checked.
#  File has not been updated.

all: obj ircserv
#  Phony target (prerequisite of .PHONY).
#  Command line target.
#  Implicit rule search has not been done.
#  File does not exist.
#  File has been updated.
#  Needs to be updated (-q is set).
# variable set hash-table stats:
# Load=0/32=0%, Rehash=0, Collisions=0/9=0%

fclean: clean
#  Phony target (prerequisite of .PHONY).
#  Implicit rule search has not been done.
#  File does not exist.
#  File has not been updated.
#  recipe to execute (from 'Makefile', line 49):
	@echo "${RED}Deleting $(NAME)...${NORMAL}"
	@rm $(NAME)
	@echo "${GREEN}    $(NAME) successfully deleted.${NORMAL}"

# Not a target:
obj/Logger.o:
#  Implicit rule search has not been done.
#  Modification time never checked.
#  File has not been updated.

colors:
#  Implicit rule search has not been done.
#  Modification time never checked.
#  File has not been updated.
#  recipe to execute (from 'Makefile', line 58):
	@echo "${RED}xxxx...${NORMAL}"
	@echo "${GREEN}xxxx...${NORMAL}"
	@echo "${YELLOW}xxxx...${NORMAL}"
	@echo "${BLUE}xxxx...${NORMAL}"
	@echo "${PURPLE}xxxx...${NORMAL}"
	@echo "${CYAN}xxxx...${NORMAL}"

# Not a target:
obj/CommandHandler.o:
#  Implicit rule search has not been done.
#  Modification time never checked.
#  File has not been updated.

# Not a target:
obj/Server.o:
#  Implicit rule search has not been done.
#  Modification time never checked.
#  File has not been updated.

# Not a target:
obj/signal.o:
#  Implicit rule search has not been done.
#  Modification time never checked.
#  File has not been updated.

ircserv: obj/Channel.o obj/CommandHandler.o obj/Logger.o obj/Parser.o obj/Server.o obj/User.o obj/main.o obj/signal.o
#  Implicit rule search has not been done.
#  Modification time never checked.
#  File has not been updated.
#  recipe to execute (from 'Makefile', line 39):
	@echo "${YELLOW}Building $(NAME) and linking .o files...${NORMAL}"
	$(CPP) $(FLAGS) $(OBJS) -o $(NAME)
	@echo "${GREEN}    $(NAME) successfully built and .o files linked.${NORMAL}"

# Not a target:
obj/Channel.o:
#  Implicit rule search has not been done.
#  Modification time never checked.
#  File has not been updated.

# Not a target:
obj/User.o:
#  Implicit rule search has not been done.
#  Modification time never checked.
#  File has not been updated.

# Not a target:
.SUFFIXES:
#  Implicit rule search has not been done.
#  Modification time never checked.
#  File has not been updated.

.PHONY: all clean fclean re
#  Implicit rule search has not been done.
#  Modification time never checked.
#  File has not been updated.

gdb:
#  Implicit rule search has not been done.
#  Modification time never checked.
#  File has not been updated.
#  recipe to execute (from 'Makefile', line 69):
	@gdb --args ./$(NAME) 6667 password

# files hash-table stats:
# Load=21/1024=2%, Rehash=0, Collisions=2/52=4%
# VPATH Search Paths

# No 'vpath' search paths.

# No general ('VPATH' variable) search path.

# strcache buffers: 1 (0) / strings = 63 / storage = 673 B / avg = 10 B
# current buf: size = 8162 B / used = 673 B / count = 63 / avg = 10 B

# strcache performance: lookups = 93 / hit rate = 32%
# hash-table stats:
# Load=63/8192=1%, Rehash=0, Collisions=0/93=0%
# Finished Make data base on Mon Jun 23 16:51:10 2025

 
